2026-03-05 13:37:32,197 - ERROR - url: http://140.210.9.53:6789/L00001live.txt 爬取失败❌, Error: HTTPConnectionPool(host='140.210.9.53', port=6789): Max retries exceeded with url: /L00001live.txt (Caused by ConnectTimeoutError(<HTTPConnection(host='140.210.9.53', port=6789) at 0x7f0f811ff220>, 'Connection to 140.210.9.53 timed out. (connect timeout=None)'))
2026-03-05 13:37:32,756 - ERROR - url: http://ok.html-5.me//i/%E6%B1%9F%E8%A5%BF%E7%9C%81%E9%B9%B0%E6%BD%AD%E5%B8%82%E7%94%B5%E4%BF%A1%E7%BB%84%E6%92%AD.txt 爬取失败❌, Error: 404 Client Error: Not Found for url: http://ok.html-5.me//i/%E6%B1%9F%E8%A5%BF%E7%9C%81%E9%B9%B0%E6%BD%AD%E5%B8%82%E7%94%B5%E4%BF%A1%E7%BB%84%E6%92%AD.txt
2026-03-05 13:37:33,025 - INFO - url: https://proxy.lalifeier.eu.org/https://raw.githubusercontent.com/ljf9096/ds/main/y/y4 获取成功，判断为txt格式
2026-03-05 13:37:33,026 - INFO - url: https://proxy.lalifeier.eu.org/https://raw.githubusercontent.com/ljf9096/ds/main/y/y4 爬取成功✅，包含频道分类: 来源, 央卫咪咕, 央卫频道
2026-03-05 13:37:33,165 - INFO - url: https://proxy.lalifeier.eu.org/https://raw.githubusercontent.com/ljf9096/ds/main/y/y5 获取成功，判断为txt格式
2026-03-05 13:37:33,165 - INFO - url: https://proxy.lalifeier.eu.org/https://raw.githubusercontent.com/ljf9096/ds/main/y/y5 爬取成功✅，包含频道分类: 来源, 央视, 卫视, 其它
2026-03-05 13:37:33,301 - INFO - url: https://proxy.lalifeier.eu.org/https://raw.githubusercontent.com/ljf9096/ds/main/y/y6 获取成功，判断为txt格式
2026-03-05 13:37:33,301 - INFO - url: https://proxy.lalifeier.eu.org/https://raw.githubusercontent.com/ljf9096/ds/main/y/y6 爬取成功✅，包含频道分类: 央视频道, 港台频道, 卫视频道, 其它频道
2026-03-05 13:37:33,471 - INFO - url: https://proxy.lalifeier.eu.org/https://raw.githubusercontent.com/ljf9096/ds/main/y/y7 获取成功，判断为txt格式
2026-03-05 13:37:33,471 - INFO - url: https://proxy.lalifeier.eu.org/https://raw.githubusercontent.com/ljf9096/ds/main/y/y7 爬取成功✅，包含频道分类: 央视频道, 卫视频道
2026-03-05 13:37:33,633 - INFO - url: https://proxy.lalifeier.eu.org/https://raw.githubusercontent.com/ljf9096/ds/main/y/y8 获取成功，判断为m3u格式
2026-03-05 13:37:33,633 - INFO - url: https://proxy.lalifeier.eu.org/https://raw.githubusercontent.com/ljf9096/ds/main/y/y8 爬取成功✅，包含频道分类: 央视频道, 卫视频道, 超清频道, 其他频道
2026-03-05 13:37:33,763 - INFO - url: https://proxy.lalifeier.eu.org/https://raw.githubusercontent.com/ljf9096/ds/main/y/y9 获取成功，判断为txt格式
2026-03-05 13:37:33,764 - INFO - url: https://proxy.lalifeier.eu.org/https://raw.githubusercontent.com/ljf9096/ds/main/y/y9 爬取成功✅，包含频道分类: 央视, 卫视
2026-03-05 13:37:34,035 - INFO - url: https://iptv.catvod.com/tv.m3u 获取成功，判断为m3u格式
2026-03-05 13:37:34,036 - INFO - url: https://iptv.catvod.com/tv.m3u 爬取成功✅，包含频道分类: 📢 系统公告, 央视, 体育, 卫视, 地方, 咪视
2026-03-05 13:37:37,114 - INFO - url: https://gitee.com/lwr851/live/raw/master/iptv.m3u 获取成功，判断为m3u格式
2026-03-05 13:37:37,116 - INFO - url: https://gitee.com/lwr851/live/raw/master/iptv.m3u 爬取成功✅，包含频道分类: 央视频道, 本地频道, 卫视频道, 重庆电信, 港澳频道, 影视频道, 广播电台
2026-03-05 13:37:47,134 - ERROR - url: https://bc.188766.xyz/?ip=&mima=mianfeibuhuaqian&json=true 爬取失败❌, Error: HTTPSConnectionPool(host='bc.188766.xyz', port=443): Max retries exceeded with url: /?ip=&mima=mianfeibuhuaqian&json=true (Caused by NameResolutionError("HTTPSConnection(host='bc.188766.xyz', port=443): Failed to resolve 'bc.188766.xyz' ([Errno -3] Temporary failure in name resolution)"))
2026-03-05 13:37:49,603 - INFO - url: https://gitee.com/zwssina/yunduanyuan/raw/master/SB 获取成功，判断为txt格式
2026-03-05 13:37:49,605 - INFO - url: https://gitee.com/zwssina/yunduanyuan/raw/master/SB 爬取成功✅，包含频道分类: 港台测试, 央视卫视高码, 央卫频临, 港台免梯, 风云港台, 广东本地judy, 广东移动内网, 移动央卫, 咪咕央卫, 3a, 轮播, 体育咪咕, 香港测试, 新咪咕, SMT港台
2026-03-05 13:37:50,082 - INFO - url: https://d.kstore.dev/download/15366/6988.txt 获取成功，判断为txt格式
2026-03-05 13:37:50,087 - INFO - url: https://d.kstore.dev/download/15366/6988.txt 爬取成功✅，包含频道分类: 央卫频道, 广东频道, 港台频道, 六合开奖
2026-03-05 13:37:50,373 - INFO - url: https://gh-proxy.com/https://github.com/Kimentanm/aptv/raw/master/m3u/iptv.m3u 获取成功，判断为m3u格式
2026-03-05 13:37:50,373 - INFO - url: https://gh-proxy.com/https://github.com/Kimentanm/aptv/raw/master/m3u/iptv.m3u 爬取成功✅，包含频道分类: 央视IPV4" catchup="append" catchup-source="?playbackbegin=${(b)yyyyMMddHHmmss}&playbackend=${(e)yyyyMMddHHmmss}, 央视IPV4, 卫视IPV4, 卫视IPV4" catchup="append" catchup-source="?playseek=${(b)yyyyMMddHHmmss}-${(e)yyyyMMddHHmmss}, 4K8K频道, 历年春晚
2026-03-05 13:37:58,565 - INFO - url: https://gitee.com/hw2837/iptv/raw/master/iptv 获取成功，判断为txt格式
2026-03-05 13:37:58,569 - INFO - url: https://gitee.com/hw2837/iptv/raw/master/iptv 爬取成功✅，包含频道分类: 央视频道, 卫视频道, 咪视通cdn6.bkpcp.top, 4K频道, 咪视通php.jdshipin.com, 咪视通, itv体育咪咕, 移动央视V4, 移动卫视V4, 移动咪咕V4, 测试, FLV, rrs03-央视频道, rrs03-卫视频道, rrs03-咪咕频道, rrs03-其它频道, 体育咪咕36.155.98.21, 移动央视-备, 移动卫视-备, 移动咪咕-备, 央视频道1, 卫视频道2, 地方频道2
2026-03-05 13:37:59,182 - INFO - url: https://ghproxy.net/https://raw.githubusercontent.com/wwb521/live/refs/heads/main/tv.m3u 获取成功，判断为m3u格式
2026-03-05 13:37:59,182 - INFO - url: https://ghproxy.net/https://raw.githubusercontent.com/wwb521/live/refs/heads/main/tv.m3u 爬取成功✅，包含频道分类: 央视频道, 卫视频道
2026-03-05 13:37:59,650 - INFO - url: https://ghproxy.net/https://raw.githubusercontent.com/develop202/migu_video/refs/heads/main/interface.txt 获取成功，判断为m3u格式
2026-03-05 13:37:59,651 - INFO - url: https://ghproxy.net/https://raw.githubusercontent.com/develop202/migu_video/refs/heads/main/interface.txt 爬取成功✅，包含频道分类: 央视频道, 卫视频道, 广东地区, 湖南地区, 浙江地区, 黑龙江地区, 陕西地区, 重庆地区, 云南地区, 福建地区, 河南地区, 甘肃地区, 超清频道
2026-03-05 13:37:59,663 - INFO - 文件生成完成，更新日期: 2026-03-05
